<?xml version="1.0" encoding="UTF-8"?>
<!-- Generated by org.testng.reporters.JUnitReportReporter -->
<testsuite hostname="Navichinna" failures="0" tests="3" name="com.APP.TDD.TestApplication" time="0.015" errors="0" timestamp="2023-10-12T16:14:51 IST" skipped="0">
  <testcase classname="com.APP.TDD.TestApplication" name="findapplication" time="0.013"/>
  <system-out/>
  <testcase classname="com.APP.TDD.TestApplication" name="findapplicationEmptyInput" time="0.001"/>
  <system-out/>
  <testcase classname="com.APP.TDD.TestApplication" name="findapplicationInvalidInput" time="0.001"/>
  <system-out/>
</testsuite> <!-- com.APP.TDD.TestApplication -->
